<?xml version="1.0" encoding="UTF-8"?>
<testsuite xmlns:xsi="http://www.w3.org/2001/XMLSchema-instance" xsi:noNamespaceSchemaLocation="https://maven.apache.org/surefire/maven-surefire-plugin/xsd/surefire-test-report-3.0.xsd" version="3.0" name="TestSuite" time="91.43" tests="8" errors="0" skipped="0" failures="3">
  <properties>
    <property name="gopherProxySet" value="false"/>
    <property name="awt.toolkit" value="sun.lwawt.macosx.LWCToolkit"/>
    <property name="file.encoding.pkg" value="sun.io"/>
    <property name="java.specification.version" value="1.8"/>
    <property name="webdriver.chrome.driver" value="/Users/sahilgirdhar/eclipse-workspace-new/OrangeHRM_AutomationProject/Drivers/ChromeDriver/chromedriver"/>
    <property name="sun.cpu.isalist" value=""/>
    <property name="sun.jnu.encoding" value="UTF-8"/>
    <property name="java.class.path" value="/Users/sahilgirdhar/eclipse-workspace-new/OrangeHRM_AutomationProject/target/test-classes:/Users/sahilgirdhar/eclipse-workspace-new/OrangeHRM_AutomationProject/target/classes:/Users/sahilgirdhar/.m2/repository/org/seleniumhq/selenium/selenium-chrome-driver/4.0.0-alpha-4/selenium-chrome-driver-4.0.0-alpha-4.jar:/Users/sahilgirdhar/.m2/repository/com/google/auto/service/auto-service-annotations/1.0-rc6/auto-service-annotations-1.0-rc6.jar:/Users/sahilgirdhar/.m2/repository/com/google/auto/service/auto-service/1.0-rc6/auto-service-1.0-rc6.jar:/Users/sahilgirdhar/.m2/repository/com/google/auto/auto-common/0.10/auto-common-0.10.jar:/Users/sahilgirdhar/.m2/repository/com/google/guava/guava/28.2-jre/guava-28.2-jre.jar:/Users/sahilgirdhar/.m2/repository/com/google/guava/failureaccess/1.0.1/failureaccess-1.0.1.jar:/Users/sahilgirdhar/.m2/repository/com/google/guava/listenablefuture/9999.0-empty-to-avoid-conflict-with-guava/listenablefuture-9999.0-empty-to-avoid-conflict-with-guava.jar:/Users/sahilgirdhar/.m2/repository/com/google/code/findbugs/jsr305/3.0.2/jsr305-3.0.2.jar:/Users/sahilgirdhar/.m2/repository/org/checkerframework/checker-qual/2.10.0/checker-qual-2.10.0.jar:/Users/sahilgirdhar/.m2/repository/com/google/errorprone/error_prone_annotations/2.3.4/error_prone_annotations-2.3.4.jar:/Users/sahilgirdhar/.m2/repository/com/google/j2objc/j2objc-annotations/1.3/j2objc-annotations-1.3.jar:/Users/sahilgirdhar/.m2/repository/org/seleniumhq/selenium/selenium-api/4.0.0-alpha-4/selenium-api-4.0.0-alpha-4.jar:/Users/sahilgirdhar/.m2/repository/org/seleniumhq/selenium/selenium-chromium-driver/4.0.0-alpha-4/selenium-chromium-driver-4.0.0-alpha-4.jar:/Users/sahilgirdhar/.m2/repository/org/seleniumhq/selenium/selenium-devtools/4.0.0-alpha-4/selenium-devtools-4.0.0-alpha-4.jar:/Users/sahilgirdhar/.m2/repository/org/seleniumhq/selenium/selenium-http/4.0.0-alpha-4/selenium-http-4.0.0-alpha-4.jar:/Users/sahilgirdhar/.m2/repository/org/seleniumhq/selenium/selenium-json/4.0.0-alpha-4/selenium-json-4.0.0-alpha-4.jar:/Users/sahilgirdhar/.m2/repository/org/seleniumhq/selenium/selenium-remote-driver/4.0.0-alpha-4/selenium-remote-driver-4.0.0-alpha-4.jar:/Users/sahilgirdhar/.m2/repository/com/squareup/okhttp3/okhttp/4.3.0/okhttp-4.3.0.jar:/Users/sahilgirdhar/.m2/repository/com/squareup/okio/okio/2.4.1/okio-2.4.1.jar:/Users/sahilgirdhar/.m2/repository/org/jetbrains/kotlin/kotlin-stdlib-common/1.3.50/kotlin-stdlib-common-1.3.50.jar:/Users/sahilgirdhar/.m2/repository/org/jetbrains/kotlin/kotlin-stdlib/1.3.61/kotlin-stdlib-1.3.61.jar:/Users/sahilgirdhar/.m2/repository/org/jetbrains/annotations/13.0/annotations-13.0.jar:/Users/sahilgirdhar/.m2/repository/com/typesafe/netty/netty-reactive-streams/2.0.4/netty-reactive-streams-2.0.4.jar:/Users/sahilgirdhar/.m2/repository/io/netty/netty-handler/4.1.43.Final/netty-handler-4.1.43.Final.jar:/Users/sahilgirdhar/.m2/repository/io/netty/netty-common/4.1.43.Final/netty-common-4.1.43.Final.jar:/Users/sahilgirdhar/.m2/repository/io/netty/netty-buffer/4.1.43.Final/netty-buffer-4.1.43.Final.jar:/Users/sahilgirdhar/.m2/repository/io/netty/netty-transport/4.1.43.Final/netty-transport-4.1.43.Final.jar:/Users/sahilgirdhar/.m2/repository/io/netty/netty-codec/4.1.43.Final/netty-codec-4.1.43.Final.jar:/Users/sahilgirdhar/.m2/repository/org/reactivestreams/reactive-streams/1.0.3/reactive-streams-1.0.3.jar:/Users/sahilgirdhar/.m2/repository/io/opentracing/opentracing-api/0.33.0/opentracing-api-0.33.0.jar:/Users/sahilgirdhar/.m2/repository/net/bytebuddy/byte-buddy/1.10.6/byte-buddy-1.10.6.jar:/Users/sahilgirdhar/.m2/repository/org/apache/commons/commons-exec/1.3/commons-exec-1.3.jar:/Users/sahilgirdhar/.m2/repository/org/asynchttpclient/async-http-client/2.10.4/async-http-client-2.10.4.jar:/Users/sahilgirdhar/.m2/repository/org/asynchttpclient/async-http-client-netty-utils/2.10.4/async-http-client-netty-utils-2.10.4.jar:/Users/sahilgirdhar/.m2/repository/io/netty/netty-codec-http/4.1.42.Final/netty-codec-http-4.1.42.Final.jar:/Users/sahilgirdhar/.m2/repository/io/netty/netty-codec-socks/4.1.42.Final/netty-codec-socks-4.1.42.Final.jar:/Users/sahilgirdhar/.m2/repository/io/netty/netty-handler-proxy/4.1.42.Final/netty-handler-proxy-4.1.42.Final.jar:/Users/sahilgirdhar/.m2/repository/io/netty/netty-transport-native-epoll/4.1.42.Final/netty-transport-native-epoll-4.1.42.Final-linux-x86_64.jar:/Users/sahilgirdhar/.m2/repository/io/netty/netty-transport-native-unix-common/4.1.42.Final/netty-transport-native-unix-common-4.1.42.Final.jar:/Users/sahilgirdhar/.m2/repository/io/netty/netty-transport-native-kqueue/4.1.42.Final/netty-transport-native-kqueue-4.1.42.Final-osx-x86_64.jar:/Users/sahilgirdhar/.m2/repository/io/netty/netty-resolver-dns/4.1.42.Final/netty-resolver-dns-4.1.42.Final.jar:/Users/sahilgirdhar/.m2/repository/io/netty/netty-resolver/4.1.42.Final/netty-resolver-4.1.42.Final.jar:/Users/sahilgirdhar/.m2/repository/io/netty/netty-codec-dns/4.1.42.Final/netty-codec-dns-4.1.42.Final.jar:/Users/sahilgirdhar/.m2/repository/org/slf4j/slf4j-api/1.7.26/slf4j-api-1.7.26.jar:/Users/sahilgirdhar/.m2/repository/com/sun/activation/javax.activation/1.2.0/javax.activation-1.2.0.jar:/Users/sahilgirdhar/.m2/repository/org/testng/testng/6.8/testng-6.8.jar:/Users/sahilgirdhar/.m2/repository/junit/junit/4.10/junit-4.10.jar:/Users/sahilgirdhar/.m2/repository/org/hamcrest/hamcrest-core/1.1/hamcrest-core-1.1.jar:/Users/sahilgirdhar/.m2/repository/org/beanshell/bsh/2.0b4/bsh-2.0b4.jar:/Users/sahilgirdhar/.m2/repository/com/beust/jcommander/1.27/jcommander-1.27.jar:/Users/sahilgirdhar/.m2/repository/org/yaml/snakeyaml/1.6/snakeyaml-1.6.jar:/Users/sahilgirdhar/.m2/repository/org/seleniumhq/selenium/selenium-firefox-driver/4.0.0-alpha-4/selenium-firefox-driver-4.0.0-alpha-4.jar:/Users/sahilgirdhar/.m2/repository/commons-io/commons-io/2.6/commons-io-2.6.jar:/Users/sahilgirdhar/.m2/repository/com/aventstack/extentreports/4.1.2/extentreports-4.1.2.jar:/Users/sahilgirdhar/.m2/repository/org/freemarker/freemarker/2.3.29/freemarker-2.3.29.jar:/Users/sahilgirdhar/.m2/repository/org/apache/httpcomponents/httpclient/4.5.2/httpclient-4.5.2.jar:/Users/sahilgirdhar/.m2/repository/org/apache/httpcomponents/httpcore/4.4.4/httpcore-4.4.4.jar:/Users/sahilgirdhar/.m2/repository/commons-logging/commons-logging/1.2/commons-logging-1.2.jar:/Users/sahilgirdhar/.m2/repository/commons-codec/commons-codec/1.9/commons-codec-1.9.jar:/Users/sahilgirdhar/.m2/repository/org/apache/httpcomponents/httpmime/4.5.2/httpmime-4.5.2.jar:/Users/sahilgirdhar/.m2/repository/com/google/code/gson/gson/2.8.6/gson-2.8.6.jar:/Users/sahilgirdhar/.m2/repository/org/mongodb/mongodb-driver/3.12.0/mongodb-driver-3.12.0.jar:/Users/sahilgirdhar/.m2/repository/org/mongodb/mongodb-driver-core/3.12.0/mongodb-driver-core-3.12.0.jar:/Users/sahilgirdhar/.m2/repository/org/mongodb/bson/3.12.0/bson-3.12.0.jar:/Users/sahilgirdhar/.m2/repository/com/apple/AppleJavaExtensions/1.4/AppleJavaExtensions-1.4.jar:"/>
    <property name="java.vm.vendor" value="Oracle Corporation"/>
    <property name="sun.arch.data.model" value="64"/>
    <property name="java.vendor.url" value="http://java.oracle.com/"/>
    <property name="user.timezone" value="America/Bogota"/>
    <property name="java.vm.specification.version" value="1.8"/>
    <property name="os.name" value="Mac OS X"/>
    <property name="user.country" value="CO"/>
    <property name="sun.java.launcher" value="SUN_STANDARD"/>
    <property name="sun.boot.library.path" value="/Library/Java/JavaVirtualMachines/jdk1.8.0_241.jdk/Contents/Home/jre/lib"/>
    <property name="sun.java.command" value="/Users/sahilgirdhar/eclipse-workspace-new/OrangeHRM_AutomationProject/target/surefire/surefirebooter3141917424598494351.jar /Users/sahilgirdhar/eclipse-workspace-new/OrangeHRM_AutomationProject/target/surefire 2020-04-08T17-28-57_613-jvmRun1 surefire6202368976767613453tmp surefire_07094589754195078703tmp"/>
    <property name="http.nonProxyHosts" value="local|*.local|169.254/16|*.169.254/16"/>
    <property name="surefire.test.class.path" value="/Users/sahilgirdhar/eclipse-workspace-new/OrangeHRM_AutomationProject/target/test-classes:/Users/sahilgirdhar/eclipse-workspace-new/OrangeHRM_AutomationProject/target/classes:/Users/sahilgirdhar/.m2/repository/org/seleniumhq/selenium/selenium-chrome-driver/4.0.0-alpha-4/selenium-chrome-driver-4.0.0-alpha-4.jar:/Users/sahilgirdhar/.m2/repository/com/google/auto/service/auto-service-annotations/1.0-rc6/auto-service-annotations-1.0-rc6.jar:/Users/sahilgirdhar/.m2/repository/com/google/auto/service/auto-service/1.0-rc6/auto-service-1.0-rc6.jar:/Users/sahilgirdhar/.m2/repository/com/google/auto/auto-common/0.10/auto-common-0.10.jar:/Users/sahilgirdhar/.m2/repository/com/google/guava/guava/28.2-jre/guava-28.2-jre.jar:/Users/sahilgirdhar/.m2/repository/com/google/guava/failureaccess/1.0.1/failureaccess-1.0.1.jar:/Users/sahilgirdhar/.m2/repository/com/google/guava/listenablefuture/9999.0-empty-to-avoid-conflict-with-guava/listenablefuture-9999.0-empty-to-avoid-conflict-with-guava.jar:/Users/sahilgirdhar/.m2/repository/com/google/code/findbugs/jsr305/3.0.2/jsr305-3.0.2.jar:/Users/sahilgirdhar/.m2/repository/org/checkerframework/checker-qual/2.10.0/checker-qual-2.10.0.jar:/Users/sahilgirdhar/.m2/repository/com/google/errorprone/error_prone_annotations/2.3.4/error_prone_annotations-2.3.4.jar:/Users/sahilgirdhar/.m2/repository/com/google/j2objc/j2objc-annotations/1.3/j2objc-annotations-1.3.jar:/Users/sahilgirdhar/.m2/repository/org/seleniumhq/selenium/selenium-api/4.0.0-alpha-4/selenium-api-4.0.0-alpha-4.jar:/Users/sahilgirdhar/.m2/repository/org/seleniumhq/selenium/selenium-chromium-driver/4.0.0-alpha-4/selenium-chromium-driver-4.0.0-alpha-4.jar:/Users/sahilgirdhar/.m2/repository/org/seleniumhq/selenium/selenium-devtools/4.0.0-alpha-4/selenium-devtools-4.0.0-alpha-4.jar:/Users/sahilgirdhar/.m2/repository/org/seleniumhq/selenium/selenium-http/4.0.0-alpha-4/selenium-http-4.0.0-alpha-4.jar:/Users/sahilgirdhar/.m2/repository/org/seleniumhq/selenium/selenium-json/4.0.0-alpha-4/selenium-json-4.0.0-alpha-4.jar:/Users/sahilgirdhar/.m2/repository/org/seleniumhq/selenium/selenium-remote-driver/4.0.0-alpha-4/selenium-remote-driver-4.0.0-alpha-4.jar:/Users/sahilgirdhar/.m2/repository/com/squareup/okhttp3/okhttp/4.3.0/okhttp-4.3.0.jar:/Users/sahilgirdhar/.m2/repository/com/squareup/okio/okio/2.4.1/okio-2.4.1.jar:/Users/sahilgirdhar/.m2/repository/org/jetbrains/kotlin/kotlin-stdlib-common/1.3.50/kotlin-stdlib-common-1.3.50.jar:/Users/sahilgirdhar/.m2/repository/org/jetbrains/kotlin/kotlin-stdlib/1.3.61/kotlin-stdlib-1.3.61.jar:/Users/sahilgirdhar/.m2/repository/org/jetbrains/annotations/13.0/annotations-13.0.jar:/Users/sahilgirdhar/.m2/repository/com/typesafe/netty/netty-reactive-streams/2.0.4/netty-reactive-streams-2.0.4.jar:/Users/sahilgirdhar/.m2/repository/io/netty/netty-handler/4.1.43.Final/netty-handler-4.1.43.Final.jar:/Users/sahilgirdhar/.m2/repository/io/netty/netty-common/4.1.43.Final/netty-common-4.1.43.Final.jar:/Users/sahilgirdhar/.m2/repository/io/netty/netty-buffer/4.1.43.Final/netty-buffer-4.1.43.Final.jar:/Users/sahilgirdhar/.m2/repository/io/netty/netty-transport/4.1.43.Final/netty-transport-4.1.43.Final.jar:/Users/sahilgirdhar/.m2/repository/io/netty/netty-codec/4.1.43.Final/netty-codec-4.1.43.Final.jar:/Users/sahilgirdhar/.m2/repository/org/reactivestreams/reactive-streams/1.0.3/reactive-streams-1.0.3.jar:/Users/sahilgirdhar/.m2/repository/io/opentracing/opentracing-api/0.33.0/opentracing-api-0.33.0.jar:/Users/sahilgirdhar/.m2/repository/net/bytebuddy/byte-buddy/1.10.6/byte-buddy-1.10.6.jar:/Users/sahilgirdhar/.m2/repository/org/apache/commons/commons-exec/1.3/commons-exec-1.3.jar:/Users/sahilgirdhar/.m2/repository/org/asynchttpclient/async-http-client/2.10.4/async-http-client-2.10.4.jar:/Users/sahilgirdhar/.m2/repository/org/asynchttpclient/async-http-client-netty-utils/2.10.4/async-http-client-netty-utils-2.10.4.jar:/Users/sahilgirdhar/.m2/repository/io/netty/netty-codec-http/4.1.42.Final/netty-codec-http-4.1.42.Final.jar:/Users/sahilgirdhar/.m2/repository/io/netty/netty-codec-socks/4.1.42.Final/netty-codec-socks-4.1.42.Final.jar:/Users/sahilgirdhar/.m2/repository/io/netty/netty-handler-proxy/4.1.42.Final/netty-handler-proxy-4.1.42.Final.jar:/Users/sahilgirdhar/.m2/repository/io/netty/netty-transport-native-epoll/4.1.42.Final/netty-transport-native-epoll-4.1.42.Final-linux-x86_64.jar:/Users/sahilgirdhar/.m2/repository/io/netty/netty-transport-native-unix-common/4.1.42.Final/netty-transport-native-unix-common-4.1.42.Final.jar:/Users/sahilgirdhar/.m2/repository/io/netty/netty-transport-native-kqueue/4.1.42.Final/netty-transport-native-kqueue-4.1.42.Final-osx-x86_64.jar:/Users/sahilgirdhar/.m2/repository/io/netty/netty-resolver-dns/4.1.42.Final/netty-resolver-dns-4.1.42.Final.jar:/Users/sahilgirdhar/.m2/repository/io/netty/netty-resolver/4.1.42.Final/netty-resolver-4.1.42.Final.jar:/Users/sahilgirdhar/.m2/repository/io/netty/netty-codec-dns/4.1.42.Final/netty-codec-dns-4.1.42.Final.jar:/Users/sahilgirdhar/.m2/repository/org/slf4j/slf4j-api/1.7.26/slf4j-api-1.7.26.jar:/Users/sahilgirdhar/.m2/repository/com/sun/activation/javax.activation/1.2.0/javax.activation-1.2.0.jar:/Users/sahilgirdhar/.m2/repository/org/testng/testng/6.8/testng-6.8.jar:/Users/sahilgirdhar/.m2/repository/junit/junit/4.10/junit-4.10.jar:/Users/sahilgirdhar/.m2/repository/org/hamcrest/hamcrest-core/1.1/hamcrest-core-1.1.jar:/Users/sahilgirdhar/.m2/repository/org/beanshell/bsh/2.0b4/bsh-2.0b4.jar:/Users/sahilgirdhar/.m2/repository/com/beust/jcommander/1.27/jcommander-1.27.jar:/Users/sahilgirdhar/.m2/repository/org/yaml/snakeyaml/1.6/snakeyaml-1.6.jar:/Users/sahilgirdhar/.m2/repository/org/seleniumhq/selenium/selenium-firefox-driver/4.0.0-alpha-4/selenium-firefox-driver-4.0.0-alpha-4.jar:/Users/sahilgirdhar/.m2/repository/commons-io/commons-io/2.6/commons-io-2.6.jar:/Users/sahilgirdhar/.m2/repository/com/aventstack/extentreports/4.1.2/extentreports-4.1.2.jar:/Users/sahilgirdhar/.m2/repository/org/freemarker/freemarker/2.3.29/freemarker-2.3.29.jar:/Users/sahilgirdhar/.m2/repository/org/apache/httpcomponents/httpclient/4.5.2/httpclient-4.5.2.jar:/Users/sahilgirdhar/.m2/repository/org/apache/httpcomponents/httpcore/4.4.4/httpcore-4.4.4.jar:/Users/sahilgirdhar/.m2/repository/commons-logging/commons-logging/1.2/commons-logging-1.2.jar:/Users/sahilgirdhar/.m2/repository/commons-codec/commons-codec/1.9/commons-codec-1.9.jar:/Users/sahilgirdhar/.m2/repository/org/apache/httpcomponents/httpmime/4.5.2/httpmime-4.5.2.jar:/Users/sahilgirdhar/.m2/repository/com/google/code/gson/gson/2.8.6/gson-2.8.6.jar:/Users/sahilgirdhar/.m2/repository/org/mongodb/mongodb-driver/3.12.0/mongodb-driver-3.12.0.jar:/Users/sahilgirdhar/.m2/repository/org/mongodb/mongodb-driver-core/3.12.0/mongodb-driver-core-3.12.0.jar:/Users/sahilgirdhar/.m2/repository/org/mongodb/bson/3.12.0/bson-3.12.0.jar:/Users/sahilgirdhar/.m2/repository/com/apple/AppleJavaExtensions/1.4/AppleJavaExtensions-1.4.jar:"/>
    <property name="sun.cpu.endian" value="little"/>
    <property name="user.home" value="/Users/sahilgirdhar"/>
    <property name="user.language" value="en"/>
    <property name="java.specification.vendor" value="Oracle Corporation"/>
    <property name="java.home" value="/Library/Java/JavaVirtualMachines/jdk1.8.0_241.jdk/Contents/Home/jre"/>
    <property name="basedir" value="/Users/sahilgirdhar/eclipse-workspace-new/OrangeHRM_AutomationProject"/>
    <property name="file.separator" value="/"/>
    <property name="line.separator" value="&#10;"/>
    <property name="java.vm.specification.vendor" value="Oracle Corporation"/>
    <property name="java.specification.name" value="Java Platform API Specification"/>
    <property name="java.awt.graphicsenv" value="sun.awt.CGraphicsEnvironment"/>
    <property name="surefire.real.class.path" value="/Users/sahilgirdhar/eclipse-workspace-new/OrangeHRM_AutomationProject/target/surefire/surefirebooter3141917424598494351.jar"/>
    <property name="sun.boot.class.path" value="/Library/Java/JavaVirtualMachines/jdk1.8.0_241.jdk/Contents/Home/jre/lib/resources.jar:/Library/Java/JavaVirtualMachines/jdk1.8.0_241.jdk/Contents/Home/jre/lib/rt.jar:/Library/Java/JavaVirtualMachines/jdk1.8.0_241.jdk/Contents/Home/jre/lib/sunrsasign.jar:/Library/Java/JavaVirtualMachines/jdk1.8.0_241.jdk/Contents/Home/jre/lib/jsse.jar:/Library/Java/JavaVirtualMachines/jdk1.8.0_241.jdk/Contents/Home/jre/lib/jce.jar:/Library/Java/JavaVirtualMachines/jdk1.8.0_241.jdk/Contents/Home/jre/lib/charsets.jar:/Library/Java/JavaVirtualMachines/jdk1.8.0_241.jdk/Contents/Home/jre/lib/jfr.jar:/Library/Java/JavaVirtualMachines/jdk1.8.0_241.jdk/Contents/Home/jre/classes"/>
    <property name="sun.management.compiler" value="HotSpot 64-Bit Tiered Compilers"/>
    <property name="ftp.nonProxyHosts" value="local|*.local|169.254/16|*.169.254/16"/>
    <property name="java.runtime.version" value="1.8.0_241-b07"/>
    <property name="user.name" value="sahilgirdhar"/>
    <property name="path.separator" value=":"/>
    <property name="os.version" value="10.13.6"/>
    <property name="java.endorsed.dirs" value="/Library/Java/JavaVirtualMachines/jdk1.8.0_241.jdk/Contents/Home/jre/lib/endorsed"/>
    <property name="java.runtime.name" value="Java(TM) SE Runtime Environment"/>
    <property name="file.encoding" value="UTF-8"/>
    <property name="sun.nio.ch.bugLevel" value=""/>
    <property name="java.vm.name" value="Java HotSpot(TM) 64-Bit Server VM"/>
    <property name="localRepository" value="/Users/sahilgirdhar/.m2/repository"/>
    <property name="java.vendor.url.bug" value="http://bugreport.sun.com/bugreport/"/>
    <property name="java.io.tmpdir" value="/var/folders/ph/x_0_wbsd6tn7k0gcfn22r_lc0000gn/T/"/>
    <property name="java.version" value="1.8.0_241"/>
    <property name="user.dir" value="/Users/sahilgirdhar/eclipse-workspace-new/OrangeHRM_AutomationProject"/>
    <property name="os.arch" value="x86_64"/>
    <property name="java.vm.specification.name" value="Java Virtual Machine Specification"/>
    <property name="java.awt.printerjob" value="sun.lwawt.macosx.CPrinterJob"/>
    <property name="sun.os.patch.level" value="unknown"/>
    <property name="java.library.path" value="/Users/sahilgirdhar/Library/Java/Extensions:/Library/Java/Extensions:/Network/Library/Java/Extensions:/System/Library/Java/Extensions:/usr/lib/java:."/>
    <property name="java.vm.info" value="mixed mode"/>
    <property name="java.vendor" value="Oracle Corporation"/>
    <property name="java.vm.version" value="25.241-b07"/>
    <property name="java.ext.dirs" value="/Users/sahilgirdhar/Library/Java/Extensions:/Library/Java/JavaVirtualMachines/jdk1.8.0_241.jdk/Contents/Home/jre/lib/ext:/Library/Java/Extensions:/Network/Library/Java/Extensions:/System/Library/Java/Extensions:/usr/lib/java"/>
    <property name="sun.io.unicode.encoding" value="UnicodeBig"/>
    <property name="java.class.version" value="52.0"/>
    <property name="socksNonProxyHosts" value="local|*.local|169.254/16|*.169.254/16"/>
  </properties>
  <testcase name="DashBoard_page_validation" classname="OrangeHRM_TestCases.Dashboard_Test" time="3.068"/>
  <testcase name="userspage_navigation_test" classname="OrangeHRM_TestCases.Admin_Users_Test" time="14.817"/>
  <testcase name="Search_System_User" classname="OrangeHRM_TestCases.Admin_Users_Test" time="0.139">
    <failure message="expected:&lt;John Smith&gt; but was:&lt;Fiona Grace&gt;" type="java.lang.AssertionError"><![CDATA[java.lang.AssertionError: expected:<John Smith> but was:<Fiona Grace>
	at OrangeHRM_TestCases.Admin_Users_Test.Search_System_User(Admin_Users_Test.java:61)
]]></failure>
    <system-out><![CDATA[Test Started : Name = Search_System_User
John Smith
Test Failed: Name = Search_System_User
]]></system-out>
  </testcase>
  <testcase name="AddNew_SystemUser" classname="OrangeHRM_TestCases.Admin_Users_Test" time="0.766">
    <failure message="org/openqa/selenium/support/ui/Select" type="java.lang.NoClassDefFoundError"><![CDATA[java.lang.NoClassDefFoundError: org/openqa/selenium/support/ui/Select
	at OrangeHRM_TestCases.Admin_Users_Test.AddNew_SystemUser(Admin_Users_Test.java:75)
Caused by: java.lang.ClassNotFoundException: org.openqa.selenium.support.ui.Select
	at OrangeHRM_TestCases.Admin_Users_Test.AddNew_SystemUser(Admin_Users_Test.java:75)
]]></failure>
    <system-out><![CDATA[Test Started : Name = AddNew_SystemUser
Test Failed: Name = AddNew_SystemUser
]]></system-out>
    <system-err><![CDATA[[1586384977.437][SEVERE]: Timed out receiving message from renderer: 0.100
]]></system-err>
  </testcase>
  <testcase name="Logout_OrangeCRM_Test" classname="OrangeHRM_TestCases.Logout_Test" time="5.028"/>
  <testcase name="Job_JobTitles_Navigation" classname="OrangeHRM_TestCases.Admin_Job_JobTitles_Test" time="5.84"/>
  <testcase name="Login_Valid" classname="OrangeHRM_TestCases.Login_Valid_Test" time="6.744"/>
  <testcase name="ValidateEmployeeList" classname="OrangeHRM_TestCases.PIM_EmployeeList_Test" time="12.716">
    <failure message="no such element: Unable to locate element: {&quot;method&quot;:&quot;xpath&quot;,&quot;selector&quot;:&quot;//table[@id=&apos;resultTable&apos;]//thead&quot;}&#10;  (Session info: chrome=80.0.3987.163)&#10;For documentation on this error, please visit: https://selenium.dev/exceptions/#no_such_element&#10;Build info: version: &apos;4.0.0-alpha-4&apos;, revision: &apos;c2d955b49e&apos;&#10;System info: host: &apos;Sahils-MacBook.local&apos;, ip: &apos;fe80:0:0:0:1807:458a:813a:1b30%en0&apos;, os.name: &apos;Mac OS X&apos;, os.arch: &apos;x86_64&apos;, os.version: &apos;10.13.6&apos;, java.version: &apos;1.8.0_241&apos;&#10;Driver info: org.openqa.selenium.chrome.ChromeDriver&#10;Capabilities {acceptInsecureCerts: false, browserName: chrome, browserVersion: 80.0.3987.163, chrome: {chromedriverVersion: 80.0.3987.16 (320f6526c1632..., userDataDir: /var/folders/ph/x_0_wbsd6tn...}, goog:chromeOptions: {debuggerAddress: localhost:50030}, javascriptEnabled: true, networkConnectionEnabled: false, pageLoadStrategy: normal, platform: MAC, platformName: MAC, proxy: Proxy(), setWindowRect: true, strictFileInteractability: false, timeouts: {implicit: 0, pageLoad: 300000, script: 30000}, unhandledPromptBehavior: dismiss and notify}&#10;Session ID: fd47f00ababb4edb7d396efea12962a6&#10;*** Element info: {Using=xpath, value=//table[@id=&apos;resultTable&apos;]//thead}" type="org.openqa.selenium.NoSuchElementException"><![CDATA[org.openqa.selenium.NoSuchElementException: 
no such element: Unable to locate element: {"method":"xpath","selector":"//table[@id='resultTable']//thead"}
  (Session info: chrome=80.0.3987.163)
For documentation on this error, please visit: https://selenium.dev/exceptions/#no_such_element
Build info: version: '4.0.0-alpha-4', revision: 'c2d955b49e'
System info: host: 'Sahils-MacBook.local', ip: 'fe80:0:0:0:1807:458a:813a:1b30%en0', os.name: 'Mac OS X', os.arch: 'x86_64', os.version: '10.13.6', java.version: '1.8.0_241'
Driver info: org.openqa.selenium.chrome.ChromeDriver
Capabilities {acceptInsecureCerts: false, browserName: chrome, browserVersion: 80.0.3987.163, chrome: {chromedriverVersion: 80.0.3987.16 (320f6526c1632..., userDataDir: /var/folders/ph/x_0_wbsd6tn...}, goog:chromeOptions: {debuggerAddress: localhost:50030}, javascriptEnabled: true, networkConnectionEnabled: false, pageLoadStrategy: normal, platform: MAC, platformName: MAC, proxy: Proxy(), setWindowRect: true, strictFileInteractability: false, timeouts: {implicit: 0, pageLoad: 300000, script: 30000}, unhandledPromptBehavior: dismiss and notify}
Session ID: fd47f00ababb4edb7d396efea12962a6
*** Element info: {Using=xpath, value=//table[@id='resultTable']//thead}
	at OrangeHRM_TestCases.PIM_EmployeeList_Test.ValidateEmployeeList(PIM_EmployeeList_Test.java:36)
]]></failure>
    <system-out><![CDATA[Test Started : Name = ValidateEmployeeList
driver = ChromeDriver: chrome on MAC (fd47f00ababb4edb7d396efea12962a6)
Test Failed: Name = ValidateEmployeeList
]]></system-out>
    <system-err><![CDATA[Starting ChromeDriver 80.0.3987.16 (320f6526c1632ad4f205ebce69b99a062ed78647-refs/branch-heads/3987@{#185}) on port 33997
Only local connections are allowed.
Please protect ports used by ChromeDriver and related test frameworks to prevent access by malicious code.
Apr 08, 2020 5:30:12 PM org.openqa.selenium.remote.ProtocolHandshake createSession
INFO: Detected dialect: W3C
[1586385014.347][SEVERE]: Timed out receiving message from renderer: 0.100
[1586385014.449][SEVERE]: Timed out receiving message from renderer: 0.100
[1586385014.551][SEVERE]: Timed out receiving message from renderer: 0.100
[1586385014.657][SEVERE]: Timed out receiving message from renderer: 0.100
[1586385014.758][SEVERE]: Timed out receiving message from renderer: 0.100
[1586385014.861][SEVERE]: Timed out receiving message from renderer: 0.100
[1586385014.965][SEVERE]: Timed out receiving message from renderer: 0.100
[1586385015.068][SEVERE]: Timed out receiving message from renderer: 0.100
[1586385015.172][SEVERE]: Timed out receiving message from renderer: 0.100
[1586385015.274][SEVERE]: Timed out receiving message from renderer: 0.100
[1586385015.376][SEVERE]: Timed out receiving message from renderer: 0.100
[1586385015.478][SEVERE]: Timed out receiving message from renderer: 0.100
[1586385015.690][SEVERE]: Timed out receiving message from renderer: 0.100
[1586385015.846][SEVERE]: Timed out receiving message from renderer: 0.100
[1586385017.370][SEVERE]: Timed out receiving message from renderer: 0.100
[1586385017.528][SEVERE]: Timed out receiving message from renderer: 0.100
]]></system-err>
  </testcase>
</testsuite>