<?xml version="1.0" encoding="UTF-8"?>
<!-- Generated by org.testng.reporters.JUnitReportReporter -->
<testsuite skipped="0" hostname="Sahils-MacBook.local" name="OrangeHRM_TestCases.Login_Valid_Test" tests="1" failures="0" timestamp="2020-04-08T17:34:31 COT" time="8.239" errors="0">
  <testcase name="Login_Valid" time="8.239" classname="OrangeHRM_TestCases.Login_Valid_Test"/>
</testsuite> <!-- OrangeHRM_TestCases.Login_Valid_Test -->
