<?xml version="1.0" encoding="UTF-8"?>
<!-- Generated by org.testng.reporters.JUnitReportReporter -->
<testsuite skipped="0" hostname="Sahils-MacBook.local" name="OrangeHRM_TestCases.Logout_Test" tests="1" failures="0" timestamp="2020-03-19T20:23:59 COT" time="7.205" errors="0">
  <testcase name="Logout_OrangeCRM_Test" time="7.205" classname="OrangeHRM_TestCases.Logout_Test"/>
</testsuite> <!-- OrangeHRM_TestCases.Logout_Test -->
