<?xml version="1.0" encoding="UTF-8"?>
<!-- Generated by org.testng.reporters.JUnitReportReporter -->
<testsuite skipped="0" hostname="Sahils-MacBook.local" name="OrangeHRM_TestCases.Admin_Job_JobTitles_Test" tests="1" failures="0" timestamp="2020-04-08T17:34:31 COT" time="42.665" errors="0">
  <testcase name="Job_JobTitles_Navigation" time="42.665" classname="OrangeHRM_TestCases.Admin_Job_JobTitles_Test"/>
</testsuite> <!-- OrangeHRM_TestCases.Admin_Job_JobTitles_Test -->
