<?xml version="1.0" encoding="UTF-8"?>
<!-- Generated by org.testng.reporters.JUnitReportReporter -->
<testsuite hostname="Sahils-MacBook.local" failures="0" tests="1" name="OrangeHRM_TestCases.Login_Valid_test" time="5.794" errors="0" timestamp="2020-02-17T19:40:29 COT" skipped="0">
  <testcase classname="OrangeHRM_TestCases.Login_Valid_test" name="Login_Valid" time="5.794"/>
</testsuite> <!-- OrangeHRM_TestCases.Login_Valid_test -->
