<?xml version="1.0" encoding="UTF-8"?>
<!-- Generated by org.testng.reporters.JUnitReportReporter -->
<testsuite skipped="0" hostname="Sahils-MacBook.local" name="OrangeHRM_TestCases.Logout_Test" tests="1" failures="0" timestamp="2020-03-07T16:13:41 COT" time="4.429" errors="0">
  <testcase name="Logout_OrangeCRM_Test" time="4.429" classname="OrangeHRM_TestCases.Logout_Test"/>
</testsuite> <!-- OrangeHRM_TestCases.Logout_Test -->
