<?xml version="1.0" encoding="UTF-8"?>
<!-- Generated by org.testng.reporters.JUnitReportReporter -->
<testsuite skipped="0" hostname="Sahils-MacBook.local" name="OrangeHRM_TestCases.PIM_EmployeeList_Test" tests="1" failures="0" timestamp="2020-04-08T17:34:31 COT" time="7.159" errors="0">
  <testcase name="ValidateEmployeeList" time="7.159" classname="OrangeHRM_TestCases.PIM_EmployeeList_Test"/>
</testsuite> <!-- OrangeHRM_TestCases.PIM_EmployeeList_Test -->
