<?xml version="1.0" encoding="UTF-8"?>
<!-- Generated by org.testng.reporters.JUnitReportReporter -->
<testsuite hostname="Sahils-MacBook.local" failures="0" tests="1" name="OrangeHRM_TestCases.Logout_Test" time="8.165" errors="0" timestamp="2020-02-18T12:00:22 COT" skipped="0">
  <testcase classname="OrangeHRM_TestCases.Logout_Test" name="Logout_valid" time="8.165"/>
</testsuite> <!-- OrangeHRM_TestCases.Logout_Test -->
