<?xml version="1.0" encoding="UTF-8"?>
<!-- Generated by org.testng.reporters.JUnitReportReporter -->
<testsuite skipped="0" hostname="Sahils-MacBook.local" name="OrangeHRM_TestCases.Users_functionality_Test" tests="1" failures="0" timestamp="2020-03-23T20:41:49 COT" time="23.539" errors="0">
  <testcase name="userspage_navigation_test" time="23.539" classname="OrangeHRM_TestCases.Users_functionality_Test"/>
</testsuite> <!-- OrangeHRM_TestCases.Users_functionality_Test -->
