<?xml version="1.0" encoding="UTF-8"?>
<!-- Generated by org.testng.reporters.JUnitReportReporter -->
<testsuite skipped="0" hostname="Sahils-MacBook.local" name="OrangeHRM_TestCases.Login_Valid_Test" tests="1" failures="0" timestamp="2020-03-07T16:13:41 COT" time="8.030" errors="0">
  <testcase name="Login_Valid" time="8.030" classname="OrangeHRM_TestCases.Login_Valid_Test"/>
</testsuite> <!-- OrangeHRM_TestCases.Login_Valid_Test -->
