<?xml version="1.0" encoding="UTF-8"?>
<!-- Generated by org.testng.reporters.JUnitReportReporter -->
<testsuite hostname="Sahils-MacBook.local" failures="0" tests="1" name="OrangeHRM_TestCases.basepageNavigationtest" time="4.234" errors="0" timestamp="13 Feb 2020 02:44:57 GMT">
  <testcase classname="OrangeHRM_TestCases.basepageNavigationtest" name="openingURL" time="4.234"/>
</testsuite> <!-- OrangeHRM_TestCases.basepageNavigationtest -->
