<?xml version="1.0" encoding="UTF-8"?>
<!-- Generated by org.testng.reporters.JUnitReportReporter -->
<testsuite hostname="Sahils-MacBook.local" name="OrangeHRM_TestCases.Login_Valid_Test" tests="1" failures="0" timestamp="20 Mar 2020 00:44:43 GMT" time="9.016" errors="0">
  <testcase name="Login_Valid" time="9.016" classname="OrangeHRM_TestCases.Login_Valid_Test"/>
</testsuite> <!-- OrangeHRM_TestCases.Login_Valid_Test -->
