<?xml version="1.0" encoding="UTF-8"?>
<!-- Generated by org.testng.reporters.JUnitReportReporter -->
<testsuite hostname="Sahils-MacBook.local" name="OrangeHRM_TestCases.Admin_Job_JobTitles_Test" tests="1" failures="0" timestamp="8 Apr 2020 22:30:29 GMT" time="6.515" errors="0">
  <testcase name="Job_JobTitles_Navigation" time="6.515" classname="OrangeHRM_TestCases.Admin_Job_JobTitles_Test"/>
</testsuite> <!-- OrangeHRM_TestCases.Admin_Job_JobTitles_Test -->
