<?xml version="1.0" encoding="UTF-8"?>
<!-- Generated by org.testng.reporters.JUnitReportReporter -->
<testsuite hostname="Sahils-MacBook.local" name="OrangeHRM_TestCases.Dashboard_Test" tests="1" failures="0" timestamp="8 Apr 2020 22:30:29 GMT" time="4.174" errors="0">
  <testcase name="DashBoard_page_validation" time="4.174" classname="OrangeHRM_TestCases.Dashboard_Test"/>
</testsuite> <!-- OrangeHRM_TestCases.Dashboard_Test -->
