<?xml version="1.0" encoding="UTF-8"?>
<!-- Generated by org.testng.reporters.JUnitReportReporter -->
<testsuite hostname="Sahils-MacBook.local" name="OrangeHRM_TestCases.Login_Valid_Test" tests="1" failures="0" timestamp="8 Apr 2020 22:30:29 GMT" time="7.411" errors="0">
  <testcase name="Login_Valid" time="7.411" classname="OrangeHRM_TestCases.Login_Valid_Test"/>
</testsuite> <!-- OrangeHRM_TestCases.Login_Valid_Test -->
